2018-08-12T04:17:48.460Z - normal: Load ~/.CocosCreator/settings.json
2018-08-12T04:17:48.467Z - normal: checking language setting...
2018-08-12T04:17:48.468Z - normal: Language: zh
2018-08-12T04:17:51.350Z - success: protocol editor-framework registered
2018-08-12T04:17:51.351Z - success: protocol app registered
2018-08-12T04:17:51.351Z - success: protocol theme registered
2018-08-12T04:17:51.351Z - success: protocol packages registered
2018-08-12T04:17:51.352Z - success: protocol unpack registerred
2018-08-12T04:17:51.352Z - success: protocol disable-commonjs registerred
2018-08-12T04:17:51.477Z - normal: connected!
2018-08-12T04:17:51.481Z - normal: Check project /Users/mac/Documents/projects/cocos/PENG/PENG
2018-08-12T04:17:51.750Z - normal: Initializing Cocos2d
2018-08-12T04:17:52.410Z - normal: Initializing Asset Database
2018-08-12T04:17:52.546Z - success: protocol uuid registerred
2018-08-12T04:17:52.552Z - success: protocol db registerred
2018-08-12T04:17:52.553Z - success: protocol thumbnail registerred
2018-08-12T04:17:52.553Z - normal: Loading editor/builtin packages
2018-08-12T04:17:52.661Z - success: anysdk loaded
2018-08-12T04:17:53.710Z - success: assets loaded
2018-08-12T04:17:53.923Z - success: builder loaded
2018-08-12T04:17:53.941Z - success: cocos-analytics loaded
2018-08-12T04:17:54.067Z - success: console loaded
2018-08-12T04:17:54.299Z - success: fb-instant-games loaded
2018-08-12T04:17:54.381Z - success: hierarchy loaded
2018-08-12T04:17:54.467Z - success: inspector loaded
2018-08-12T04:17:54.470Z - success: keystore loaded
2018-08-12T04:17:54.755Z - success: node-library loaded
2018-08-12T04:17:54.771Z - success: package-asset loaded
2018-08-12T04:17:54.778Z - success: preferences loaded
2018-08-12T04:17:54.833Z - success: project-exporter loaded
2018-08-12T04:17:54.952Z - success: project-importer loaded
2018-08-12T04:17:55.034Z - success: project-settings loaded
2018-08-12T04:17:55.116Z - success: ui-kit loaded
2018-08-12T04:17:55.350Z - success: ui-grid loaded
2018-08-12T04:17:55.450Z - success: scene loaded
2018-08-12T04:17:55.454Z - success: sprite-editor loaded
2018-08-12T04:17:55.507Z - success: store loaded
2018-08-12T04:17:55.693Z - success: timeline loaded
2018-08-12T04:17:55.696Z - normal: Loading builtin packages
2018-08-12T04:17:55.801Z - success: asset-db-debugger loaded
2018-08-12T04:17:55.803Z - success: color-picker loaded
2018-08-12T04:17:55.884Z - success: package-manager loaded
2018-08-12T04:17:56.011Z - success: sdkbox loaded
2018-08-12T04:17:56.137Z - success: tester loaded
2018-08-12T04:17:56.219Z - success: ui-kit-preview-extra loaded
2018-08-12T04:17:56.276Z - success: ui-kit-preview loaded
2018-08-12T04:17:56.362Z - success: ui-tree loaded
2018-08-12T04:17:59.856Z - normal: Initializing project /Users/mac/Documents/projects/cocos/PENG/PENG
2018-08-12T04:17:59.865Z - normal: Loading packages
2018-08-12T04:17:59.878Z - normal: Watching packages
2018-08-12T04:18:00.145Z - normal: Run Application
2018-08-12T04:18:04.116Z - success: preview server running at http://localhost:7456
2018-08-12T04:18:20.056Z - normal: 1.9.1
2018-08-12T04:18:29.061Z - info: shutdown preview server
